<?xml version="1.0" encoding="UTF-8"?>
<!-- Generated by org.testng.reporters.JUnitReportReporter -->
<testsuite hostname="LAPTOP-P4P2FF7C" failures="0" tests="1" name="comassignment.TC001_UseCase_1" time="1.724" errors="0" timestamp="2024-09-21T14:18:53 IST" skipped="0">
  <testcase classname="comassignment.TC001_UseCase_1" name="booking" time="1.724"/>
</testsuite> <!-- comassignment.TC001_UseCase_1 -->
